<?xml version="1.0" encoding="UTF-8" ?>
<testsuite errors="1" failures="0" hostname="EV001A4B80ACD0" name="hdt.service.HdtDimensionerTest_ParamMod" tests="1" time="0.0" timestamp="2011-05-09T11:45:21">
  <properties>
[...]
</properties>
  <testcase classname="hdt.service.HdtDimensionerTest_ParamMod" name="unknown" time="0.0070">
    <error message="Forked Java VM exited abnormally. Please note the time in the report does not reflect the time until the VM exit." type="junit.framework.AssertionFailedError">junit.framework.AssertionFailedError: Forked Java VM exited abnormally. Please note the time in the report does not reflect the time until the VM exit.
	at org.netbeans.core.execution.RunClassThread.run(RunClassThread.java:154)
</error>
  </testcase>
</testsuite>
